<?xml version="1.0" encoding="UTF-8"?>
<!-- Generated by org.testng.reporters.JUnitReportReporter -->
<testsuite hostname="DESKTOP-UPLJBLO" failures="0" tests="6" name="test.day3" time="0.069" errors="0" timestamp="2024-09-20T21:52:15 IST" skipped="1">
  <testcase classname="test.day3" name="WebloginCarLoan" time="0.004"/>
  <system-out/>
  <testcase classname="test.day3" name="MobilesignoutcarLoan" time="0.035"/>
  <system-out/>
  <testcase classname="test.day3" name="MobilesignoutcarLoan" time="0.004"/>
  <system-out/>
  <testcase classname="test.day3" name="MobilesignoutcarLoan" time="0.011"/>
  <system-out/>
  <testcase classname="test.day3" name="MobileLogincarLoan" time="0.015"/>
  <system-out/>
  <testcase classname="test.day3" name="MobilesignimcarLoan">
    <skipped/>
  </testcase> <!-- MobilesignimcarLoan -->
  <system-out/>
</testsuite> <!-- test.day3 -->
