<?xml version="1.0" encoding="UTF-8"?>
<!-- Generated by org.testng.reporters.JUnitReportReporter -->
<testsuite hostname="DESKTOP-UPLJBLO" failures="0" tests="3" name="test.day4" time="0.027" errors="0" timestamp="2024-09-20T21:52:15 IST" skipped="0">
  <testcase classname="test.day4" name="LoginAPIHomeLoan" time="0.007"/>
  <system-out/>
  <testcase classname="test.day4" name="WebloginHomeLoan" time="0.009"/>
  <system-out/>
  <testcase classname="test.day4" name="MobileLoginHomeLoan" time="0.011"/>
  <system-out/>
</testsuite> <!-- test.day4 -->
